miniprogram to uni-app 转换日志

---基本信息---
时间: 2019-10-18 10:36:31
转换模式: Hbuilder X
是否转换wxs文件: true

---小程序基本信息---
name: 西游私服online
version: 
description: 
appid: wx3e6ff10d2ff8e9da
projectname: 
compileType: miniprogram
author: 

---目录信息---
sourceFolder: F:\小程序\小程序-抽奖
targetFolder: F:\小程序\小程序-抽奖_uni
outputFolder: F:\小程序\小程序-抽奖_uni
miniprogramRoot: F:\小程序\小程序-抽奖

---日志信息---
image漏网之鱼:    src--> "{{item.attr.src}}"     file--> wxParse\wxParse.wxml
image漏网之鱼:    src--> "{{item.baseSrc}}{{item.text}}"     file--> wxParse\wxParse.wxml
image漏网之鱼:    src--> "{{icon}}"     file--> pages\detail\detail.wxml
image漏网之鱼:    src--> "{{icon}}"     file--> pages\detail\detail.wxml
image漏网之鱼:    src--> "{{userInfo.avatarUrl}}"     file--> pages\index\index.wxml
image漏网之鱼:    src--> "{{it}}"     file--> pages\list\list.wxml

转换完成: 
当前转换模式：【Hbuilder X】，生成HbuilderX项目。
优点：上手快，项目结构较简单；
缺点：资源路径会因为表达式而无法全部被修复(推荐vue-cli模式)

注意：
1.当看到"image漏网之鱼"，意味着您需要手动调整对应代码，当image标签的src属性是含变量或表达式，工具还无法做到100%转换，需要手动修改为相对/static目录的路径(使用vue-cli模式可以解决，参数：-c)
2.代码<template is="abc" data=""/>里data属性，除了不支持...扩展运算符(因uni-app现在还不支持v-bind="")，其余参数形式都支持，望知悉！

日志说明：
1. image漏网之鱼 --> 为HbuilderX模式时，需要将资源移动到static，并且修复相应文件路径，有可能src为网络文件，有可能为变量或表达式，可能会导致转换后文件找不到，因此提示一下
2. 暂不支持include标签，请手动修复 --> include标签没有一个明显的记号，工具确实可以替换这部分事，只是会导致工具代码交错复杂，暂时不支持转换。建议转换完，自行拷贝相应的文件内容，替换对应的include标签
3. 试图转换template里data参数为Object时报错 --> 表示<template data="abc">里data的属性可能含有...扩展运算符，已将data重命为error-data=""，需转换后手工调整
